<?xml version="1.0" encoding="UTF-8"?>
<!-- Generated by org.testng.reporters.JUnitReportReporter -->
<testsuite hostname="geetesh" name="testScript.Scenario_Search" tests="1" failures="0" timestamp="18 Oct 2016 15:58:04 GMT" time="8.725" errors="0">
  <testcase name="search" time="8.725" classname="testScript.Scenario_Search"/>
</testsuite> <!-- testScript.Scenario_Search -->
