<?xml version="1.0" encoding="UTF-8"?>
<!-- Generated by org.testng.reporters.JUnitReportReporter -->
<testsuite hostname="geetesh" name="testScript.Scenario_Login" tests="2" failures="0" timestamp="18 Oct 2016 15:58:04 GMT" time="21.779" errors="0">
  <testcase name="login" time="11.761" classname="testScript.Scenario_Login"/>
  <testcase name="login" time="10.018" classname="testScript.Scenario_Login"/>
</testsuite> <!-- testScript.Scenario_Login -->
