<?xml version="1.0" encoding="UTF-8"?>
<!-- Generated by org.testng.reporters.JUnitReportReporter -->
<testsuite hostname="geetesh" name="testScript.Scenario_Login" tests="2" failures="0" timestamp="18 Oct 2016 14:45:29 GMT" time="18.166" errors="0">
  <testcase name="login" time="10.187" classname="testScript.Scenario_Login"/>
  <testcase name="login" time="7.979" classname="testScript.Scenario_Login"/>
</testsuite> <!-- testScript.Scenario_Login -->
