<?xml version="1.0" encoding="UTF-8"?>
<!-- Generated by org.testng.reporters.JUnitReportReporter -->
<testsuite hostname="geetesh" name="testScript.Scenario_Search" tests="3" failures="0" timestamp="18 Oct 2016 14:45:29 GMT" time="26.886" errors="0">
  <testcase name="search" time="8.183" classname="testScript.Scenario_Search"/>
  <testcase name="search" time="9.753" classname="testScript.Scenario_Search"/>
  <testcase name="search" time="8.950" classname="testScript.Scenario_Search"/>
</testsuite> <!-- testScript.Scenario_Search -->
